mode: set
github.com/07santiago21/devops-seguimiento1-2026-1/internal/course/controller.go:27.36,36.2 1 1
github.com/07santiago21/devops-seguimiento1-2026-1/internal/course/controller.go:45.46,46.54 1 1
github.com/07santiago21/devops-seguimiento1-2026-1/internal/course/controller.go:46.54,50.62 3 1
github.com/07santiago21/devops-seguimiento1-2026-1/internal/course/controller.go:50.62,54.4 3 1
github.com/07santiago21/devops-seguimiento1-2026-1/internal/course/controller.go:56.3,57.17 2 1
github.com/07santiago21/devops-seguimiento1-2026-1/internal/course/controller.go:57.17,61.4 3 1
github.com/07santiago21/devops-seguimiento1-2026-1/internal/course/controller.go:63.3,64.36 2 1
github.com/07santiago21/devops-seguimiento1-2026-1/internal/course/controller.go:68.46,69.54 1 1
github.com/07santiago21/devops-seguimiento1-2026-1/internal/course/controller.go:69.54,73.17 3 1
github.com/07santiago21/devops-seguimiento1-2026-1/internal/course/controller.go:73.17,77.4 3 1
github.com/07santiago21/devops-seguimiento1-2026-1/internal/course/controller.go:78.3,79.37 2 1
github.com/07santiago21/devops-seguimiento1-2026-1/internal/course/controller.go:83.43,84.54 1 1
github.com/07santiago21/devops-seguimiento1-2026-1/internal/course/controller.go:84.54,89.17 4 1
github.com/07santiago21/devops-seguimiento1-2026-1/internal/course/controller.go:89.17,93.4 3 1
github.com/07santiago21/devops-seguimiento1-2026-1/internal/course/controller.go:94.3,95.36 2 1
github.com/07santiago21/devops-seguimiento1-2026-1/internal/course/controller.go:99.46,100.54 1 1
github.com/07santiago21/devops-seguimiento1-2026-1/internal/course/controller.go:100.54,102.38 2 1
github.com/07santiago21/devops-seguimiento1-2026-1/internal/course/controller.go:102.38,107.4 4 1
github.com/07santiago21/devops-seguimiento1-2026-1/internal/course/controller.go:108.3,108.38 1 1
github.com/07santiago21/devops-seguimiento1-2026-1/internal/course/controller.go:119.45,120.54 1 1
github.com/07santiago21/devops-seguimiento1-2026-1/internal/course/controller.go:120.54,123.62 3 1
github.com/07santiago21/devops-seguimiento1-2026-1/internal/course/controller.go:123.62,127.4 3 1
github.com/07santiago21/devops-seguimiento1-2026-1/internal/course/controller.go:128.3,129.91 2 1
github.com/07santiago21/devops-seguimiento1-2026-1/internal/course/controller.go:129.91,133.4 3 1
github.com/07santiago21/devops-seguimiento1-2026-1/internal/course/controller.go:134.3,135.89 2 1
github.com/07santiago21/devops-seguimiento1-2026-1/internal/course/controller.go:146.43,147.54 1 1
github.com/07santiago21/devops-seguimiento1-2026-1/internal/course/controller.go:147.54,150.62 3 1
github.com/07santiago21/devops-seguimiento1-2026-1/internal/course/controller.go:150.62,154.4 3 1
github.com/07santiago21/devops-seguimiento1-2026-1/internal/course/controller.go:155.3,157.17 3 1
github.com/07santiago21/devops-seguimiento1-2026-1/internal/course/controller.go:157.17,161.4 3 1
github.com/07santiago21/devops-seguimiento1-2026-1/internal/course/controller.go:162.3,163.36 2 1
github.com/07santiago21/devops-seguimiento1-2026-1/internal/course/repository.go:23.44,25.2 1 1
github.com/07santiago21/devops-seguimiento1-2026-1/internal/course/repository.go:27.51,30.2 2 1
github.com/07santiago21/devops-seguimiento1-2026-1/internal/course/repository.go:32.49,36.2 3 1
github.com/07santiago21/devops-seguimiento1-2026-1/internal/course/repository.go:38.54,40.45 2 1
github.com/07santiago21/devops-seguimiento1-2026-1/internal/course/repository.go:40.45,42.3 1 1
github.com/07santiago21/devops-seguimiento1-2026-1/internal/course/repository.go:43.2,43.16 1 1
github.com/07santiago21/devops-seguimiento1-2026-1/internal/course/repository.go:46.46,49.2 2 1
github.com/07santiago21/devops-seguimiento1-2026-1/internal/course/repository.go:51.113,53.17 2 1
github.com/07santiago21/devops-seguimiento1-2026-1/internal/course/repository.go:53.17,55.3 1 1
github.com/07santiago21/devops-seguimiento1-2026-1/internal/course/repository.go:56.2,56.24 1 1
github.com/07santiago21/devops-seguimiento1-2026-1/internal/course/repository.go:56.24,58.3 1 0
github.com/07santiago21/devops-seguimiento1-2026-1/internal/course/repository.go:59.2,59.20 1 1
github.com/07santiago21/devops-seguimiento1-2026-1/internal/course/repository.go:59.20,61.3 1 0
github.com/07santiago21/devops-seguimiento1-2026-1/internal/course/repository.go:62.2,62.21 1 1
github.com/07santiago21/devops-seguimiento1-2026-1/internal/course/repository.go:62.21,64.3 1 0
github.com/07santiago21/devops-seguimiento1-2026-1/internal/course/repository.go:65.2,65.70 1 1
github.com/07santiago21/devops-seguimiento1-2026-1/internal/course/repository.go:68.101,77.22 3 1
github.com/07santiago21/devops-seguimiento1-2026-1/internal/course/repository.go:77.22,79.3 1 1
github.com/07santiago21/devops-seguimiento1-2026-1/internal/course/repository.go:80.2,80.27 1 1
github.com/07santiago21/devops-seguimiento1-2026-1/internal/course/repository.go:80.27,82.3 1 1
github.com/07santiago21/devops-seguimiento1-2026-1/internal/course/repository.go:83.2,83.12 1 1
github.com/07santiago21/devops-seguimiento1-2026-1/internal/course/service.go:18.42,20.2 1 1
github.com/07santiago21/devops-seguimiento1-2026-1/internal/course/service.go:22.94,23.16 1 1
github.com/07santiago21/devops-seguimiento1-2026-1/internal/course/service.go:23.16,25.3 1 1
github.com/07santiago21/devops-seguimiento1-2026-1/internal/course/service.go:26.2,26.23 1 1
github.com/07santiago21/devops-seguimiento1-2026-1/internal/course/service.go:26.23,28.3 1 0
github.com/07santiago21/devops-seguimiento1-2026-1/internal/course/service.go:29.2,29.18 1 1
github.com/07santiago21/devops-seguimiento1-2026-1/internal/course/service.go:29.18,31.3 1 1
github.com/07santiago21/devops-seguimiento1-2026-1/internal/course/service.go:32.2,32.19 1 1
github.com/07santiago21/devops-seguimiento1-2026-1/internal/course/service.go:32.19,34.3 1 0
github.com/07santiago21/devops-seguimiento1-2026-1/internal/course/service.go:36.2,43.46 2 1
github.com/07santiago21/devops-seguimiento1-2026-1/internal/course/service.go:43.46,45.3 1 0
github.com/07santiago21/devops-seguimiento1-2026-1/internal/course/service.go:47.2,47.20 1 1
github.com/07santiago21/devops-seguimiento1-2026-1/internal/course/service.go:50.46,52.2 1 1
github.com/07santiago21/devops-seguimiento1-2026-1/internal/course/service.go:54.51,56.2 1 1
github.com/07santiago21/devops-seguimiento1-2026-1/internal/course/service.go:58.43,60.2 1 1
github.com/07santiago21/devops-seguimiento1-2026-1/internal/course/service.go:62.110,64.2 1 0
github.com/07santiago21/devops-seguimiento1-2026-1/internal/course/service.go:66.95,67.16 1 1
github.com/07santiago21/devops-seguimiento1-2026-1/internal/course/service.go:67.16,69.3 1 1
github.com/07santiago21/devops-seguimiento1-2026-1/internal/course/service.go:70.2,70.23 1 1
github.com/07santiago21/devops-seguimiento1-2026-1/internal/course/service.go:70.23,72.3 1 0
github.com/07santiago21/devops-seguimiento1-2026-1/internal/course/service.go:73.2,73.18 1 1
github.com/07santiago21/devops-seguimiento1-2026-1/internal/course/service.go:73.18,75.3 1 0
github.com/07santiago21/devops-seguimiento1-2026-1/internal/course/service.go:76.2,76.19 1 1
github.com/07santiago21/devops-seguimiento1-2026-1/internal/course/service.go:76.19,78.3 1 0
github.com/07santiago21/devops-seguimiento1-2026-1/internal/course/service.go:80.2,80.77 1 1
github.com/07santiago21/devops-seguimiento1-2026-1/internal/course/service.go:80.77,82.3 1 0
github.com/07santiago21/devops-seguimiento1-2026-1/internal/course/service.go:83.2,83.18 1 1
github.com/07santiago21/devops-seguimiento1-2026-1/internal/database/postgres.go:11.48,23.16 3 1
github.com/07santiago21/devops-seguimiento1-2026-1/internal/database/postgres.go:23.16,25.3 1 1
github.com/07santiago21/devops-seguimiento1-2026-1/internal/database/postgres.go:27.2,27.16 1 0
github.com/07santiago21/devops-seguimiento1-2026-1/internal/student/controller.go:44.36,53.2 1 0
github.com/07santiago21/devops-seguimiento1-2026-1/internal/student/controller.go:55.46,57.54 1 1
github.com/07santiago21/devops-seguimiento1-2026-1/internal/student/controller.go:57.54,59.34 1 1
github.com/07santiago21/devops-seguimiento1-2026-1/internal/student/controller.go:59.34,62.4 2 0
github.com/07santiago21/devops-seguimiento1-2026-1/internal/student/controller.go:64.3,68.62 3 1
github.com/07santiago21/devops-seguimiento1-2026-1/internal/student/controller.go:68.62,72.4 3 1
github.com/07santiago21/devops-seguimiento1-2026-1/internal/student/controller.go:74.3,75.17 2 1
github.com/07santiago21/devops-seguimiento1-2026-1/internal/student/controller.go:75.17,79.4 3 0
github.com/07santiago21/devops-seguimiento1-2026-1/internal/student/controller.go:81.3,82.37 2 1
github.com/07santiago21/devops-seguimiento1-2026-1/internal/student/controller.go:86.46,87.54 1 1
github.com/07santiago21/devops-seguimiento1-2026-1/internal/student/controller.go:87.54,90.17 2 1
github.com/07santiago21/devops-seguimiento1-2026-1/internal/student/controller.go:90.17,95.4 3 1
github.com/07santiago21/devops-seguimiento1-2026-1/internal/student/controller.go:97.3,98.35 2 1
github.com/07santiago21/devops-seguimiento1-2026-1/internal/student/controller.go:103.43,105.54 1 1
github.com/07santiago21/devops-seguimiento1-2026-1/internal/student/controller.go:105.54,110.17 4 1
github.com/07santiago21/devops-seguimiento1-2026-1/internal/student/controller.go:110.17,114.4 3 1
github.com/07santiago21/devops-seguimiento1-2026-1/internal/student/controller.go:116.3,116.34 1 1
github.com/07santiago21/devops-seguimiento1-2026-1/internal/student/controller.go:122.46,124.54 1 1
github.com/07santiago21/devops-seguimiento1-2026-1/internal/student/controller.go:124.54,128.38 3 1
github.com/07santiago21/devops-seguimiento1-2026-1/internal/student/controller.go:128.38,132.4 3 1
github.com/07santiago21/devops-seguimiento1-2026-1/internal/student/controller.go:134.3,134.38 1 1
github.com/07santiago21/devops-seguimiento1-2026-1/internal/student/controller.go:139.45,140.54 1 1
github.com/07santiago21/devops-seguimiento1-2026-1/internal/student/controller.go:140.54,143.62 2 1
github.com/07santiago21/devops-seguimiento1-2026-1/internal/student/controller.go:143.62,147.4 3 1
github.com/07santiago21/devops-seguimiento1-2026-1/internal/student/controller.go:149.3,149.41 1 1
github.com/07santiago21/devops-seguimiento1-2026-1/internal/student/controller.go:149.41,153.4 3 0
github.com/07santiago21/devops-seguimiento1-2026-1/internal/student/controller.go:155.3,157.70 3 1
github.com/07santiago21/devops-seguimiento1-2026-1/internal/student/controller.go:157.70,161.4 3 0
github.com/07santiago21/devops-seguimiento1-2026-1/internal/student/controller.go:163.3,163.66 1 1
github.com/07santiago21/devops-seguimiento1-2026-1/internal/student/controller.go:169.43,170.54 1 1
github.com/07santiago21/devops-seguimiento1-2026-1/internal/student/controller.go:170.54,173.62 2 1
github.com/07santiago21/devops-seguimiento1-2026-1/internal/student/controller.go:173.62,177.4 3 1
github.com/07santiago21/devops-seguimiento1-2026-1/internal/student/controller.go:179.3,183.17 4 1
github.com/07santiago21/devops-seguimiento1-2026-1/internal/student/controller.go:183.17,187.4 3 1
github.com/07santiago21/devops-seguimiento1-2026-1/internal/student/controller.go:189.3,191.37 3 1
github.com/07santiago21/devops-seguimiento1-2026-1/internal/student/repository.go:23.44,28.2 1 1
github.com/07santiago21/devops-seguimiento1-2026-1/internal/student/repository.go:29.53,32.2 2 1
github.com/07santiago21/devops-seguimiento1-2026-1/internal/student/repository.go:34.50,38.25 3 1
github.com/07santiago21/devops-seguimiento1-2026-1/internal/student/repository.go:38.25,40.3 1 1
github.com/07santiago21/devops-seguimiento1-2026-1/internal/student/repository.go:42.2,42.22 1 1
github.com/07santiago21/devops-seguimiento1-2026-1/internal/student/repository.go:45.55,50.25 3 1
github.com/07santiago21/devops-seguimiento1-2026-1/internal/student/repository.go:50.25,52.3 1 1
github.com/07santiago21/devops-seguimiento1-2026-1/internal/student/repository.go:54.2,54.22 1 1
github.com/07santiago21/devops-seguimiento1-2026-1/internal/student/repository.go:58.46,62.25 3 1
github.com/07santiago21/devops-seguimiento1-2026-1/internal/student/repository.go:62.25,64.3 1 1
github.com/07santiago21/devops-seguimiento1-2026-1/internal/student/repository.go:65.2,65.12 1 1
github.com/07santiago21/devops-seguimiento1-2026-1/internal/student/repository.go:68.89,72.17 2 1
github.com/07santiago21/devops-seguimiento1-2026-1/internal/student/repository.go:72.17,74.3 1 1
github.com/07santiago21/devops-seguimiento1-2026-1/internal/student/repository.go:76.2,76.21 1 1
github.com/07santiago21/devops-seguimiento1-2026-1/internal/student/repository.go:76.21,78.3 1 1
github.com/07santiago21/devops-seguimiento1-2026-1/internal/student/repository.go:80.2,80.16 1 1
github.com/07santiago21/devops-seguimiento1-2026-1/internal/student/repository.go:80.16,82.3 1 1
github.com/07santiago21/devops-seguimiento1-2026-1/internal/student/repository.go:84.2,84.95 1 1
github.com/07santiago21/devops-seguimiento1-2026-1/internal/student/repository.go:84.95,86.3 1 0
github.com/07santiago21/devops-seguimiento1-2026-1/internal/student/repository.go:87.2,87.12 1 1
github.com/07santiago21/devops-seguimiento1-2026-1/internal/student/repository.go:90.84,99.25 3 1
github.com/07santiago21/devops-seguimiento1-2026-1/internal/student/repository.go:99.25,101.3 1 0
github.com/07santiago21/devops-seguimiento1-2026-1/internal/student/repository.go:103.2,103.30 1 1
github.com/07santiago21/devops-seguimiento1-2026-1/internal/student/repository.go:103.30,105.3 1 1
github.com/07santiago21/devops-seguimiento1-2026-1/internal/student/repository.go:107.2,107.12 1 0
github.com/07santiago21/devops-seguimiento1-2026-1/internal/student/service.go:18.42,22.2 1 1
github.com/07santiago21/devops-seguimiento1-2026-1/internal/student/service.go:24.78,26.16 1 1
github.com/07santiago21/devops-seguimiento1-2026-1/internal/student/service.go:26.16,28.3 1 1
github.com/07santiago21/devops-seguimiento1-2026-1/internal/student/service.go:30.2,30.20 1 1
github.com/07santiago21/devops-seguimiento1-2026-1/internal/student/service.go:30.20,32.3 1 1
github.com/07santiago21/devops-seguimiento1-2026-1/internal/student/service.go:34.2,34.14 1 1
github.com/07santiago21/devops-seguimiento1-2026-1/internal/student/service.go:34.14,36.3 1 1
github.com/07santiago21/devops-seguimiento1-2026-1/internal/student/service.go:38.2,44.47 2 1
github.com/07santiago21/devops-seguimiento1-2026-1/internal/student/service.go:44.47,46.3 1 0
github.com/07santiago21/devops-seguimiento1-2026-1/internal/student/service.go:48.2,48.21 1 1
github.com/07santiago21/devops-seguimiento1-2026-1/internal/student/service.go:51.47,55.16 2 1
github.com/07santiago21/devops-seguimiento1-2026-1/internal/student/service.go:55.16,57.3 1 0
github.com/07santiago21/devops-seguimiento1-2026-1/internal/student/service.go:58.2,58.22 1 1
github.com/07santiago21/devops-seguimiento1-2026-1/internal/student/service.go:61.52,64.16 2 1
github.com/07santiago21/devops-seguimiento1-2026-1/internal/student/service.go:64.16,66.3 1 1
github.com/07santiago21/devops-seguimiento1-2026-1/internal/student/service.go:67.2,67.21 1 1
github.com/07santiago21/devops-seguimiento1-2026-1/internal/student/service.go:71.43,74.2 1 1
github.com/07santiago21/devops-seguimiento1-2026-1/internal/student/service.go:76.86,79.2 1 1
github.com/07santiago21/devops-seguimiento1-2026-1/internal/student/service.go:81.93,83.16 1 1
github.com/07santiago21/devops-seguimiento1-2026-1/internal/student/service.go:83.16,85.3 1 1
github.com/07santiago21/devops-seguimiento1-2026-1/internal/student/service.go:87.2,87.20 1 1
github.com/07santiago21/devops-seguimiento1-2026-1/internal/student/service.go:87.20,89.3 1 1
github.com/07santiago21/devops-seguimiento1-2026-1/internal/student/service.go:91.2,91.14 1 1
github.com/07santiago21/devops-seguimiento1-2026-1/internal/student/service.go:91.14,93.3 1 1
github.com/07santiago21/devops-seguimiento1-2026-1/internal/student/service.go:95.2,95.60 1 1
github.com/07santiago21/devops-seguimiento1-2026-1/internal/student/service.go:95.60,97.3 1 0
github.com/07santiago21/devops-seguimiento1-2026-1/internal/student/service.go:99.2,99.18 1 1
github.com/07santiago21/devops-seguimiento1-2026-1/internal/enrollment/controller.go:23.41,32.2 1 0
github.com/07santiago21/devops-seguimiento1-2026-1/internal/enrollment/controller.go:34.46,35.54 1 1
github.com/07santiago21/devops-seguimiento1-2026-1/internal/enrollment/controller.go:35.54,42.62 2 1
github.com/07santiago21/devops-seguimiento1-2026-1/internal/enrollment/controller.go:42.62,46.4 3 1
github.com/07santiago21/devops-seguimiento1-2026-1/internal/enrollment/controller.go:48.3,49.17 2 1
github.com/07santiago21/devops-seguimiento1-2026-1/internal/enrollment/controller.go:49.17,53.4 3 0
github.com/07santiago21/devops-seguimiento1-2026-1/internal/enrollment/controller.go:55.3,56.31 2 1
github.com/07santiago21/devops-seguimiento1-2026-1/internal/enrollment/controller.go:60.46,61.54 1 1
github.com/07santiago21/devops-seguimiento1-2026-1/internal/enrollment/controller.go:61.54,63.17 2 1
github.com/07santiago21/devops-seguimiento1-2026-1/internal/enrollment/controller.go:63.17,67.4 3 1
github.com/07santiago21/devops-seguimiento1-2026-1/internal/enrollment/controller.go:68.3,69.41 2 1
github.com/07santiago21/devops-seguimiento1-2026-1/internal/enrollment/controller.go:73.43,74.54 1 1
github.com/07santiago21/devops-seguimiento1-2026-1/internal/enrollment/controller.go:74.54,77.17 3 1
github.com/07santiago21/devops-seguimiento1-2026-1/internal/enrollment/controller.go:77.17,81.4 3 1
github.com/07santiago21/devops-seguimiento1-2026-1/internal/enrollment/controller.go:82.3,83.31 2 1
github.com/07santiago21/devops-seguimiento1-2026-1/internal/enrollment/controller.go:87.46,88.54 1 1
github.com/07santiago21/devops-seguimiento1-2026-1/internal/enrollment/controller.go:88.54,92.17 3 1
github.com/07santiago21/devops-seguimiento1-2026-1/internal/enrollment/controller.go:92.17,93.37 1 1
github.com/07santiago21/devops-seguimiento1-2026-1/internal/enrollment/controller.go:93.37,97.5 3 0
github.com/07santiago21/devops-seguimiento1-2026-1/internal/enrollment/controller.go:98.4,100.10 3 1
github.com/07santiago21/devops-seguimiento1-2026-1/internal/enrollment/controller.go:103.3,103.38 1 1
github.com/07santiago21/devops-seguimiento1-2026-1/internal/enrollment/controller.go:107.43,113.54 2 0
github.com/07santiago21/devops-seguimiento1-2026-1/internal/enrollment/controller.go:113.54,117.81 3 0
github.com/07santiago21/devops-seguimiento1-2026-1/internal/enrollment/controller.go:117.81,122.4 3 0
github.com/07santiago21/devops-seguimiento1-2026-1/internal/enrollment/controller.go:123.3,124.93 2 0
github.com/07santiago21/devops-seguimiento1-2026-1/internal/enrollment/controller.go:132.45,133.54 1 1
github.com/07santiago21/devops-seguimiento1-2026-1/internal/enrollment/controller.go:133.54,137.54 3 1
github.com/07santiago21/devops-seguimiento1-2026-1/internal/enrollment/controller.go:137.54,142.4 3 0
github.com/07santiago21/devops-seguimiento1-2026-1/internal/enrollment/controller.go:143.3,144.93 2 1
github.com/07santiago21/devops-seguimiento1-2026-1/internal/enrollment/repository.go:21.44,23.2 1 1
github.com/07santiago21/devops-seguimiento1-2026-1/internal/enrollment/repository.go:25.44,28.2 2 1
github.com/07santiago21/devops-seguimiento1-2026-1/internal/enrollment/repository.go:30.47,34.2 3 1
github.com/07santiago21/devops-seguimiento1-2026-1/internal/enrollment/repository.go:36.52,38.102 2 1
github.com/07santiago21/devops-seguimiento1-2026-1/internal/enrollment/repository.go:38.102,40.3 1 1
github.com/07santiago21/devops-seguimiento1-2026-1/internal/enrollment/repository.go:41.2,41.16 1 1
github.com/07santiago21/devops-seguimiento1-2026-1/internal/enrollment/repository.go:44.40,47.25 2 1
github.com/07santiago21/devops-seguimiento1-2026-1/internal/enrollment/repository.go:47.25,49.3 1 0
github.com/07santiago21/devops-seguimiento1-2026-1/internal/enrollment/repository.go:51.2,51.30 1 1
github.com/07santiago21/devops-seguimiento1-2026-1/internal/enrollment/repository.go:51.30,53.3 1 0
github.com/07santiago21/devops-seguimiento1-2026-1/internal/enrollment/repository.go:55.2,55.12 1 1
github.com/07santiago21/devops-seguimiento1-2026-1/internal/enrollment/repository.go:58.81,65.25 2 1
github.com/07santiago21/devops-seguimiento1-2026-1/internal/enrollment/repository.go:65.25,67.3 1 0
github.com/07santiago21/devops-seguimiento1-2026-1/internal/enrollment/repository.go:68.2,68.30 1 1
github.com/07santiago21/devops-seguimiento1-2026-1/internal/enrollment/repository.go:68.30,70.3 1 0
github.com/07santiago21/devops-seguimiento1-2026-1/internal/enrollment/repository.go:71.2,71.12 1 1
github.com/07santiago21/devops-seguimiento1-2026-1/internal/enrollment/repository.go:74.56,77.19 2 1
github.com/07santiago21/devops-seguimiento1-2026-1/internal/enrollment/repository.go:77.19,79.3 1 1
github.com/07santiago21/devops-seguimiento1-2026-1/internal/enrollment/repository.go:81.2,81.23 1 1
github.com/07santiago21/devops-seguimiento1-2026-1/internal/enrollment/repository.go:81.23,83.3 1 0
github.com/07santiago21/devops-seguimiento1-2026-1/internal/enrollment/repository.go:85.2,86.25 2 1
github.com/07santiago21/devops-seguimiento1-2026-1/internal/enrollment/repository.go:86.25,88.3 1 1
github.com/07santiago21/devops-seguimiento1-2026-1/internal/enrollment/repository.go:89.2,89.30 1 0
github.com/07santiago21/devops-seguimiento1-2026-1/internal/enrollment/repository.go:89.30,91.3 1 0
github.com/07santiago21/devops-seguimiento1-2026-1/internal/enrollment/repository.go:92.2,92.12 1 0
github.com/07santiago21/devops-seguimiento1-2026-1/internal/enrollment/service.go:18.42,20.2 1 1
github.com/07santiago21/devops-seguimiento1-2026-1/internal/enrollment/service.go:22.91,23.39 1 1
github.com/07santiago21/devops-seguimiento1-2026-1/internal/enrollment/service.go:23.39,25.3 1 1
github.com/07santiago21/devops-seguimiento1-2026-1/internal/enrollment/service.go:26.2,26.16 1 1
github.com/07santiago21/devops-seguimiento1-2026-1/internal/enrollment/service.go:26.16,28.3 1 1
github.com/07santiago21/devops-seguimiento1-2026-1/internal/enrollment/service.go:30.2,36.41 2 1
github.com/07santiago21/devops-seguimiento1-2026-1/internal/enrollment/service.go:36.41,38.3 1 1
github.com/07santiago21/devops-seguimiento1-2026-1/internal/enrollment/service.go:39.2,39.15 1 1
github.com/07santiago21/devops-seguimiento1-2026-1/internal/enrollment/service.go:42.50,44.2 1 1
github.com/07santiago21/devops-seguimiento1-2026-1/internal/enrollment/service.go:46.55,48.2 1 1
github.com/07santiago21/devops-seguimiento1-2026-1/internal/enrollment/service.go:50.43,51.14 1 1
github.com/07santiago21/devops-seguimiento1-2026-1/internal/enrollment/service.go:51.14,53.3 1 1
github.com/07santiago21/devops-seguimiento1-2026-1/internal/enrollment/service.go:54.2,54.26 1 1
github.com/07santiago21/devops-seguimiento1-2026-1/internal/enrollment/service.go:56.84,57.53 1 1
github.com/07santiago21/devops-seguimiento1-2026-1/internal/enrollment/service.go:57.53,59.3 1 1
github.com/07santiago21/devops-seguimiento1-2026-1/internal/enrollment/service.go:60.2,60.52 1 1
github.com/07santiago21/devops-seguimiento1-2026-1/internal/enrollment/service.go:63.59,64.34 1 1
github.com/07santiago21/devops-seguimiento1-2026-1/internal/enrollment/service.go:64.34,66.3 1 1
github.com/07santiago21/devops-seguimiento1-2026-1/internal/enrollment/service.go:67.2,67.33 1 1
